<?xml version="1.0" encoding="UTF-8"?>
<!-- Generated by org.testng.reporters.JUnitReportReporter -->
<testsuite skipped="0" hostname="Meghas-MacBook-Pro.local" name="arratlist_array.Array_List" tests="1" failures="0" timestamp="2022-01-09T11:15:29 EST" time="0.006" errors="0">
  <testcase name="array_vs_ArrayList" time="0.006" classname="arratlist_array.Array_List"/>
  <system-out/>
</testsuite> <!-- arratlist_array.Array_List -->
