<?xml version="1.0" encoding="UTF-8"?>
<!-- Generated by org.testng.reporters.JUnitReportReporter -->
<testsuite skipped="0" hostname="Meghas-MacBook-Pro.local" name="map_interface_01.Map_Int_01" tests="1" failures="0" timestamp="2022-01-07T05:25:59 EST" time="0.014" errors="0">
  <testcase name="hash_Map_01" time="0.014" classname="map_interface_01.Map_Int_01"/>
  <system-out/>
</testsuite> <!-- map_interface_01.Map_Int_01 -->
