<?xml version="1.0" encoding="UTF-8"?>
<!-- Generated by org.testng.reporters.JUnitReportReporter -->
<testsuite skipped="0" hostname="Meghas-MacBook-Pro.local" name="array_vs_arraylist.Array_Vs_List" tests="1" failures="0" timestamp="2022-01-09T11:29:50 EST" time="0.013" errors="0">
  <testcase name="methodArray_Vs_List" time="0.013" classname="array_vs_arraylist.Array_Vs_List"/>
  <system-out/>
</testsuite> <!-- array_vs_arraylist.Array_Vs_List -->
