<?xml version="1.0" encoding="UTF-8"?>
<!-- Generated by org.testng.reporters.JUnitReportReporter -->
<testsuite skipped="0" hostname="Meghas-MacBook-Pro.local" name="map_interface_02.Map_Int_02" tests="1" failures="0" timestamp="2022-01-08T04:40:49 EST" time="0.006" errors="0">
  <testcase name="map_int_Second" time="0.006" classname="map_interface_02.Map_Int_02"/>
  <system-out/>
</testsuite> <!-- map_interface_02.Map_Int_02 -->
